[debug] [2019-11-10T06:35:28.006Z] ----------------------------------------------------------------------
[debug] [2019-11-10T06:35:28.009Z] Command:       /usr/bin/node /usr/local/bin/firebase deploy --only functions
[debug] [2019-11-10T06:35:28.009Z] CLI Version:   7.6.1
[debug] [2019-11-10T06:35:28.009Z] Platform:      linux
[debug] [2019-11-10T06:35:28.009Z] Node Version:  v8.10.0
[debug] [2019-11-10T06:35:28.009Z] Time:          Sun Nov 10 2019 07:35:28 GMT+0100 (WAT)
[debug] [2019-11-10T06:35:28.009Z] ----------------------------------------------------------------------
[debug] [2019-11-10T06:35:28.009Z] 
[debug] [2019-11-10T06:35:28.016Z] > command requires scopes: ["email","openid","https://www.googleapis.com/auth/cloudplatformprojects.readonly","https://www.googleapis.com/auth/firebase","https://www.googleapis.com/auth/cloud-platform"]
[debug] [2019-11-10T06:35:28.016Z] > authorizing via signed-in user
[debug] [2019-11-10T06:35:28.016Z] [iam] checking project bleashup-1562173529011 for permissions ["cloudfunctions.functions.create","cloudfunctions.functions.delete","cloudfunctions.functions.get","cloudfunctions.functions.list","cloudfunctions.functions.update","cloudfunctions.operations.get","firebase.projects.get"]
[debug] [2019-11-10T06:35:28.019Z] >>> HTTP REQUEST POST https://cloudresourcemanager.googleapis.com/v1/projects/bleashup-1562173529011:testIamPermissions  

[debug] [2019-11-10T06:35:29.332Z] Error: read ECONNRESET
    at _errnoException (util.js:1022:11)
    at TLSWrap.onread (net.js:628:25)
[error] 
[error] Error: Server Error. read ECONNRESET
[debug] [2019-11-10T06:35:33.184Z] ----------------------------------------------------------------------
[debug] [2019-11-10T06:35:33.187Z] Command:       /usr/bin/node /usr/local/bin/firebase deploy --only functions
[debug] [2019-11-10T06:35:33.187Z] CLI Version:   7.6.1
[debug] [2019-11-10T06:35:33.187Z] Platform:      linux
[debug] [2019-11-10T06:35:33.187Z] Node Version:  v8.10.0
[debug] [2019-11-10T06:35:33.187Z] Time:          Sun Nov 10 2019 07:35:33 GMT+0100 (WAT)
[debug] [2019-11-10T06:35:33.187Z] ----------------------------------------------------------------------
[debug] [2019-11-10T06:35:33.187Z] 
[debug] [2019-11-10T06:35:33.194Z] > command requires scopes: ["email","openid","https://www.googleapis.com/auth/cloudplatformprojects.readonly","https://www.googleapis.com/auth/firebase","https://www.googleapis.com/auth/cloud-platform"]
[debug] [2019-11-10T06:35:33.194Z] > authorizing via signed-in user
[debug] [2019-11-10T06:35:33.194Z] [iam] checking project bleashup-1562173529011 for permissions ["cloudfunctions.functions.create","cloudfunctions.functions.delete","cloudfunctions.functions.get","cloudfunctions.functions.list","cloudfunctions.functions.update","cloudfunctions.operations.get","firebase.projects.get"]
[debug] [2019-11-10T06:35:33.196Z] >>> HTTP REQUEST POST https://cloudresourcemanager.googleapis.com/v1/projects/bleashup-1562173529011:testIamPermissions  

[debug] [2019-11-10T06:35:34.632Z] <<< HTTP RESPONSE 200
[info] 
[info] === Deploying to 'bleashup-1562173529011'...
[info] 
[info] i  deploying functions
[info] Running command: npm --prefix "$RESOURCE_DIR" run lint
[info] ✔  functions: Finished running predeploy script.
[debug] [2019-11-10T06:35:39.065Z] > [functions] package.json contents: {
  "name": "functions",
  "description": "Cloud Functions for Firebase",
  "scripts": {
    "lint": "eslint .",
    "serve": "firebase serve --only functions",
    "shell": "firebase functions:shell",
    "start": "npm run shell",
    "deploy": "firebase deploy --only functions",
    "logs": "firebase functions:log"
  },
  "engines": {
    "node": "8"
  },
  "dependencies": {
    "firebase-admin": "^8.6.0",
    "firebase-functions": "^3.3.0"
  },
  "devDependencies": {
    "eslint": "^5.12.0",
    "eslint-plugin-promise": "^4.0.1",
    "firebase-functions-test": "^0.1.6"
  },
  "private": true
}
[info] i  functions: ensuring necessary APIs are enabled...
[debug] [2019-11-10T06:35:39.068Z] >>> HTTP REQUEST GET https://serviceusage.googleapis.com/v1/projects/bleashup-1562173529011/services/cloudfunctions.googleapis.com  
 
[debug] [2019-11-10T06:35:39.070Z] >>> HTTP REQUEST GET https://serviceusage.googleapis.com/v1/projects/bleashup-1562173529011/services/runtimeconfig.googleapis.com  
 
[debug] [2019-11-10T06:35:40.199Z] Error: read ECONNRESET
    at _errnoException (util.js:1022:11)
    at TLSWrap.onread (net.js:628:25)
[error] 
[error] Error: Server Error. read ECONNRESET
[debug] [2019-11-10T06:36:14.242Z] ----------------------------------------------------------------------
[debug] [2019-11-10T06:36:14.245Z] Command:       /usr/bin/node /usr/local/bin/firebase deploy --only functions
[debug] [2019-11-10T06:36:14.245Z] CLI Version:   7.6.1
[debug] [2019-11-10T06:36:14.245Z] Platform:      linux
[debug] [2019-11-10T06:36:14.245Z] Node Version:  v8.10.0
[debug] [2019-11-10T06:36:14.245Z] Time:          Sun Nov 10 2019 07:36:14 GMT+0100 (WAT)
[debug] [2019-11-10T06:36:14.245Z] ----------------------------------------------------------------------
[debug] [2019-11-10T06:36:14.245Z] 
[debug] [2019-11-10T06:36:14.252Z] > command requires scopes: ["email","openid","https://www.googleapis.com/auth/cloudplatformprojects.readonly","https://www.googleapis.com/auth/firebase","https://www.googleapis.com/auth/cloud-platform"]
[debug] [2019-11-10T06:36:14.252Z] > authorizing via signed-in user
[debug] [2019-11-10T06:36:14.252Z] [iam] checking project bleashup-1562173529011 for permissions ["cloudfunctions.functions.create","cloudfunctions.functions.delete","cloudfunctions.functions.get","cloudfunctions.functions.list","cloudfunctions.functions.update","cloudfunctions.operations.get","firebase.projects.get"]
[debug] [2019-11-10T06:36:14.254Z] >>> HTTP REQUEST POST https://cloudresourcemanager.googleapis.com/v1/projects/bleashup-1562173529011:testIamPermissions  

[debug] [2019-11-10T06:36:15.718Z] <<< HTTP RESPONSE 200
[info] 
[info] === Deploying to 'bleashup-1562173529011'...
[info] 
[info] i  deploying functions
[info] Running command: npm --prefix "$RESOURCE_DIR" run lint
[info] ✔  functions: Finished running predeploy script.
[debug] [2019-11-10T06:36:20.125Z] > [functions] package.json contents: {
  "name": "functions",
  "description": "Cloud Functions for Firebase",
  "scripts": {
    "lint": "eslint .",
    "serve": "firebase serve --only functions",
    "shell": "firebase functions:shell",
    "start": "npm run shell",
    "deploy": "firebase deploy --only functions",
    "logs": "firebase functions:log"
  },
  "engines": {
    "node": "8"
  },
  "dependencies": {
    "firebase-admin": "^8.6.0",
    "firebase-functions": "^3.3.0"
  },
  "devDependencies": {
    "eslint": "^5.12.0",
    "eslint-plugin-promise": "^4.0.1",
    "firebase-functions-test": "^0.1.6"
  },
  "private": true
}
[info] i  functions: ensuring necessary APIs are enabled...
[debug] [2019-11-10T06:36:20.127Z] >>> HTTP REQUEST GET https://serviceusage.googleapis.com/v1/projects/bleashup-1562173529011/services/cloudfunctions.googleapis.com  
 
[debug] [2019-11-10T06:36:20.129Z] >>> HTTP REQUEST GET https://serviceusage.googleapis.com/v1/projects/bleashup-1562173529011/services/runtimeconfig.googleapis.com  
 
[debug] [2019-11-10T06:36:21.219Z] Error: read ECONNRESET
    at _errnoException (util.js:1022:11)
    at TLSWrap.onread (net.js:628:25)
[error] 
[error] Error: Server Error. read ECONNRESET
